<?xml version="1.0" encoding="UTF-8"?>
<logger class="org.jpos.util.DailyLogListener">
<log realm="Q2.system" at="2018-06-18T16:28:47.261">
  <info>
    Q2 started, deployDir=F:\github\jpos_test\deploy
  </info>
</log>
<log realm="Q2.system" at="2018-06-18T16:28:48.747" lifespan="1373ms">
  <version>
    jPOS 2.0.10 master/b78e87f (2017-01-01 21:01:18 ART) 

-----BEGIN PGP SIGNED MESSAGE-----
Hash: SHA1

jPOS Community Edition, licensed under GNU AGPL v3.0.
This software is probably not suitable for commercial use.
Please see http://jpos.org/license for details.

-----BEGIN PGP SIGNATURE-----
Version: GnuPG v1.4.9 (Darwin)

iQEcBAEBAgAGBQJMolHDAAoJEOQyeO71nYtFv74H/3OgehDGEy1VXp2U3/GcAobg
HH2eZjPUz53r38ARPiU3pzm9LwDa3WZgJJaa/b9VrJwKvbPwe9+0kY3gScDE1skT
ladHt+KHHmGQArEutkzHlpZa73RbroFEIa1qmN6MaDEHGoxZqDh0Sv2cpvOaVYGO
St8ZaddLBPC17bSjAPWo9sWbvL7FgPFOHhnPmbeux8SLtnfWxXWsgo5hLBanKmO1
1z+I/w/6DL6ZYZU6bAJUk+eyVVImJqw0x3IEElI07Nh9MC6BA4iJ77ejobj8HI2r
q9ulRPEqH9NR79619lNKVUkE206dVlXo7xHmJS1QZy5v/GT66xBxyDVfTduPFXk=
=oP+v
-----END PGP SIGNATURE-----

  </version>
</log>
<?xml version="1.0" encoding="UTF-8"?>
<logger class="org.jpos.util.DailyLogListener">
<log realm="Q2.system" at="2018-06-18T16:30:57.886">
  <info>
    Q2 started, deployDir=F:\github\jpos_test\deploy
  </info>
</log>
<log realm="Q2.system" at="2018-06-18T16:30:59.282" lifespan="1239ms">
  <version>
    jPOS 2.0.10 master/b78e87f (2017-01-01 21:01:18 ART) 

-----BEGIN PGP SIGNED MESSAGE-----
Hash: SHA1

jPOS Community Edition, licensed under GNU AGPL v3.0.
This software is probably not suitable for commercial use.
Please see http://jpos.org/license for details.

-----BEGIN PGP SIGNATURE-----
Version: GnuPG v1.4.9 (Darwin)

iQEcBAEBAgAGBQJMolHDAAoJEOQyeO71nYtFv74H/3OgehDGEy1VXp2U3/GcAobg
HH2eZjPUz53r38ARPiU3pzm9LwDa3WZgJJaa/b9VrJwKvbPwe9+0kY3gScDE1skT
ladHt+KHHmGQArEutkzHlpZa73RbroFEIa1qmN6MaDEHGoxZqDh0Sv2cpvOaVYGO
St8ZaddLBPC17bSjAPWo9sWbvL7FgPFOHhnPmbeux8SLtnfWxXWsgo5hLBanKmO1
1z+I/w/6DL6ZYZU6bAJUk+eyVVImJqw0x3IEElI07Nh9MC6BA4iJ77ejobj8HI2r
q9ulRPEqH9NR79619lNKVUkE206dVlXo7xHmJS1QZy5v/GT66xBxyDVfTduPFXk=
=oP+v
-----END PGP SIGNATURE-----

  </version>
</log>
<log realm="Q2.system" at="2018-06-18T16:30:59.291">
  <warn>
    Tidying F:\github\jpos_test\deploy\01_groovy.xml out of the way, by adding .BAD
    It will be called: F:\github\jpos_test\deploy\01_groovy.xml.BAD see log above for detail of problem.
  </warn>
</log>
<log realm="Q2.system" at="2018-06-18T16:30:59.296" lifespan="9ms">
  <info>
    deploy: F:\github\jpos_test\deploy\01_groovy.xml
    <exception name="The MBean class could not be loaded">
    javax.management.ReflectionException: The MBean class could not be loaded
	at com.sun.jmx.mbeanserver.MBeanInstantiator.loadClass(MBeanInstantiator.java:654)
	at com.sun.jmx.mbeanserver.MBeanInstantiator.findClass(MBeanInstantiator.java:119)
	at com.sun.jmx.mbeanserver.MBeanInstantiator.findClass(MBeanInstantiator.java:142)
	at com.sun.jmx.mbeanserver.MBeanInstantiator.instantiate(MBeanInstantiator.java:618)
	at com.sun.jmx.mbeanserver.MBeanInstantiator.instantiate(MBeanInstantiator.java:527)
	at com.sun.jmx.mbeanserver.JmxMBeanServer.instantiate(JmxMBeanServer.java:990)
	at org.jpos.q2.QFactory.instantiate(QFactory.java:78)
	at org.jpos.q2.Q2.deploy(Q2.java:530)
	at org.jpos.q2.Q2.deploy(Q2.java:343)
	at org.jpos.q2.Q2.run(Q2.java:221)
	at java.lang.Thread.run(Thread.java:745)
Caused by: java.lang.ClassNotFoundException: com.tencrwin.groovy.GroovySupport
	at java.net.URLClassLoader.findClass(URLClassLoader.java:381)
	at java.lang.ClassLoader.loadClass(ClassLoader.java:424)
	at java.lang.ClassLoader.loadClass(ClassLoader.java:357)
	at java.lang.Class.forName0(Native Method)
	at java.lang.Class.forName(Class.java:348)
	at com.sun.jmx.mbeanserver.MBeanInstantiator.loadClass(MBeanInstantiator.java:649)
	... 10 more
    </exception>
  </info>
</log>
<log realm="Q2.system" at="2018-06-18T16:30:59.305">
  <warn>
    Tidying F:\github\jpos_test\deploy\90_cron.xml out of the way, by adding .BAD
    It will be called: F:\github\jpos_test\deploy\90_cron.xml.BAD see log above for detail of problem.
  </warn>
</log>
<log realm="Q2.system" at="2018-06-18T16:30:59.309" lifespan="10ms">
  <info>
    deploy: F:\github\jpos_test\deploy\90_cron.xml
    <exception name="The MBean class could not be loaded">
    javax.management.ReflectionException: The MBean class could not be loaded
	at com.sun.jmx.mbeanserver.MBeanInstantiator.loadClass(MBeanInstantiator.java:654)
	at com.sun.jmx.mbeanserver.MBeanInstantiator.findClass(MBeanInstantiator.java:119)
	at com.sun.jmx.mbeanserver.MBeanInstantiator.findClass(MBeanInstantiator.java:142)
	at com.sun.jmx.mbeanserver.MBeanInstantiator.instantiate(MBeanInstantiator.java:618)
	at com.sun.jmx.mbeanserver.MBeanInstantiator.instantiate(MBeanInstantiator.java:527)
	at com.sun.jmx.mbeanserver.JmxMBeanServer.instantiate(JmxMBeanServer.java:990)
	at org.jpos.q2.QFactory.instantiate(QFactory.java:78)
	at org.jpos.q2.Q2.deploy(Q2.java:530)
	at org.jpos.q2.Q2.deploy(Q2.java:343)
	at org.jpos.q2.Q2.run(Q2.java:221)
	at java.lang.Thread.run(Thread.java:745)
Caused by: java.lang.ClassNotFoundException: com.tencrwin.groovy.CronTaskAdaptor
	at java.net.URLClassLoader.findClass(URLClassLoader.java:381)
	at java.lang.ClassLoader.loadClass(ClassLoader.java:424)
	at java.lang.ClassLoader.loadClass(ClassLoader.java:357)
	at java.lang.Class.forName0(Native Method)
	at java.lang.Class.forName(Class.java:348)
	at com.sun.jmx.mbeanserver.MBeanInstantiator.loadClass(MBeanInstantiator.java:649)
	... 10 more
    </exception>
  </info>
</log>
<log realm="Q2.system" at="2018-06-18T16:30:59.312">
  <info>
    removed deploy/01_groovy.xml
    created deploy/01_groovy.xml.BAD
    removed deploy/90_cron.xml
    created deploy/90_cron.xml.BAD
  </info>
</log>
<?xml version="1.0" encoding="UTF-8"?>
<logger class="org.jpos.util.DailyLogListener">
<log realm="Q2.system" at="2018-06-18T21:38:40.458">
  <info>
    Q2 started, deployDir=F:\github\jpos_test\deploy
  </info>
</log>
<log realm="Q2.system" at="2018-06-18T21:38:42.323" lifespan="1674ms">
  <version>
    jPOS 2.0.10 master/b78e87f (2017-01-01 21:01:18 ART) 

-----BEGIN PGP SIGNED MESSAGE-----
Hash: SHA1

jPOS Community Edition, licensed under GNU AGPL v3.0.
This software is probably not suitable for commercial use.
Please see http://jpos.org/license for details.

-----BEGIN PGP SIGNATURE-----
Version: GnuPG v1.4.9 (Darwin)

iQEcBAEBAgAGBQJMolHDAAoJEOQyeO71nYtFv74H/3OgehDGEy1VXp2U3/GcAobg
HH2eZjPUz53r38ARPiU3pzm9LwDa3WZgJJaa/b9VrJwKvbPwe9+0kY3gScDE1skT
ladHt+KHHmGQArEutkzHlpZa73RbroFEIa1qmN6MaDEHGoxZqDh0Sv2cpvOaVYGO
St8ZaddLBPC17bSjAPWo9sWbvL7FgPFOHhnPmbeux8SLtnfWxXWsgo5hLBanKmO1
1z+I/w/6DL6ZYZU6bAJUk+eyVVImJqw0x3IEElI07Nh9MC6BA4iJ77ejobj8HI2r
q9ulRPEqH9NR79619lNKVUkE206dVlXo7xHmJS1QZy5v/GT66xBxyDVfTduPFXk=
=oP+v
-----END PGP SIGNATURE-----

  </version>
</log>
<log realm="Q2.system" at="2018-06-18T21:38:42.377" lifespan="42ms">
  <info>
    deploy: F:\github\jpos_test\deploy\00_server.xml
  </info>
</log>
<log realm="Q2.system" at="2018-06-18T21:38:42.433">
  <warn>
    Tidying F:\github\jpos_test\deploy\01_groovy.xml out of the way, by adding .BAD
    It will be called: F:\github\jpos_test\deploy\01_groovy.xml.BAD see log above for detail of problem.
  </warn>
</log>
<log realm="Q2.system" at="2018-06-18T21:38:42.458" lifespan="32ms">
  <info>
    deploy: F:\github\jpos_test\deploy\01_groovy.xml
    <exception name="The MBean class could not be loaded">
    javax.management.ReflectionException: The MBean class could not be loaded
	at com.sun.jmx.mbeanserver.MBeanInstantiator.loadClass(MBeanInstantiator.java:654)
	at com.sun.jmx.mbeanserver.MBeanInstantiator.findClass(MBeanInstantiator.java:119)
	at com.sun.jmx.mbeanserver.MBeanInstantiator.findClass(MBeanInstantiator.java:142)
	at com.sun.jmx.mbeanserver.MBeanInstantiator.instantiate(MBeanInstantiator.java:618)
	at com.sun.jmx.mbeanserver.MBeanInstantiator.instantiate(MBeanInstantiator.java:527)
	at com.sun.jmx.mbeanserver.JmxMBeanServer.instantiate(JmxMBeanServer.java:990)
	at org.jpos.q2.QFactory.instantiate(QFactory.java:78)
	at org.jpos.q2.Q2.deploy(Q2.java:530)
	at org.jpos.q2.Q2.deploy(Q2.java:343)
	at org.jpos.q2.Q2.run(Q2.java:221)
	at java.lang.Thread.run(Thread.java:745)
Caused by: java.lang.ClassNotFoundException: com.tencrwin.groovy.GroovySupport
	at java.net.URLClassLoader.findClass(URLClassLoader.java:381)
	at java.lang.ClassLoader.loadClass(ClassLoader.java:424)
	at java.lang.ClassLoader.loadClass(ClassLoader.java:357)
	at java.lang.Class.forName0(Native Method)
	at java.lang.Class.forName(Class.java:348)
	at com.sun.jmx.mbeanserver.MBeanInstantiator.loadClass(MBeanInstantiator.java:649)
	... 10 more
    </exception>
  </info>
</log>
<log realm="Q2.system" at="2018-06-18T21:38:42.479">
  <warn>
    Tidying F:\github\jpos_test\deploy\90_cron.xml out of the way, by adding .BAD
    It will be called: F:\github\jpos_test\deploy\90_cron.xml.BAD see log above for detail of problem.
  </warn>
</log>
<log realm="Q2.system" at="2018-06-18T21:38:42.483" lifespan="13ms">
  <info>
    deploy: F:\github\jpos_test\deploy\90_cron.xml
    <exception name="The MBean class could not be loaded">
    javax.management.ReflectionException: The MBean class could not be loaded
	at com.sun.jmx.mbeanserver.MBeanInstantiator.loadClass(MBeanInstantiator.java:654)
	at com.sun.jmx.mbeanserver.MBeanInstantiator.findClass(MBeanInstantiator.java:119)
	at com.sun.jmx.mbeanserver.MBeanInstantiator.findClass(MBeanInstantiator.java:142)
	at com.sun.jmx.mbeanserver.MBeanInstantiator.instantiate(MBeanInstantiator.java:618)
	at com.sun.jmx.mbeanserver.MBeanInstantiator.instantiate(MBeanInstantiator.java:527)
	at com.sun.jmx.mbeanserver.JmxMBeanServer.instantiate(JmxMBeanServer.java:990)
	at org.jpos.q2.QFactory.instantiate(QFactory.java:78)
	at org.jpos.q2.Q2.deploy(Q2.java:530)
	at org.jpos.q2.Q2.deploy(Q2.java:343)
	at org.jpos.q2.Q2.run(Q2.java:221)
	at java.lang.Thread.run(Thread.java:745)
Caused by: java.lang.ClassNotFoundException: com.tencrwin.groovy.CronTaskAdaptor
	at java.net.URLClassLoader.findClass(URLClassLoader.java:381)
	at java.lang.ClassLoader.loadClass(ClassLoader.java:424)
	at java.lang.ClassLoader.loadClass(ClassLoader.java:357)
	at java.lang.Class.forName0(Native Method)
	at java.lang.Class.forName(Class.java:348)
	at com.sun.jmx.mbeanserver.MBeanInstantiator.loadClass(MBeanInstantiator.java:649)
	... 10 more
    </exception>
  </info>
</log>
<log realm="org.jpos.q2.iso.QServer" at="2018-06-18T21:38:42.560">
  <warn>
    error starting service
    <iso-exception>
      com.example.jpos.client.TestFilter
      <nested-exception>
      javax.management.ReflectionException: The MBean class could not be loaded
	at com.sun.jmx.mbeanserver.MBeanInstantiator.loadClass(MBeanInstantiator.java:654)
	at com.sun.jmx.mbeanserver.MBeanInstantiator.findClass(MBeanInstantiator.java:119)
	at com.sun.jmx.mbeanserver.MBeanInstantiator.findClass(MBeanInstantiator.java:142)
	at com.sun.jmx.mbeanserver.MBeanInstantiator.instantiate(MBeanInstantiator.java:618)
	at com.sun.jmx.mbeanserver.MBeanInstantiator.instantiate(MBeanInstantiator.java:527)
	at com.sun.jmx.mbeanserver.JmxMBeanServer.instantiate(JmxMBeanServer.java:990)
	at org.jpos.q2.QFactory.newInstance(QFactory.java:321)
	at org.jpos.q2.iso.ChannelAdaptor.addFilters(ChannelAdaptor.java:219)
	at org.jpos.q2.iso.ChannelAdaptor.newChannel(ChannelAdaptor.java:206)
	at org.jpos.q2.iso.QServer.newChannel(QServer.java:85)
	at org.jpos.q2.iso.QServer.initServer(QServer.java:94)
	at org.jpos.q2.iso.QServer.startService(QServer.java:155)
	at org.jpos.q2.QBeanSupport.start(QBeanSupport.java:118)
	at sun.reflect.NativeMethodAccessorImpl.invoke0(Native Method)
	at sun.reflect.NativeMethodAccessorImpl.invoke(NativeMethodAccessorImpl.java:62)
	at sun.reflect.DelegatingMethodAccessorImpl.invoke(DelegatingMethodAccessorImpl.java:43)
	at java.lang.reflect.Method.invoke(Method.java:497)
	at sun.reflect.misc.Trampoline.invoke(MethodUtil.java:71)
	at sun.reflect.NativeMethodAccessorImpl.invoke0(Native Method)
	at sun.reflect.NativeMethodAccessorImpl.invoke(NativeMethodAccessorImpl.java:62)
	at sun.reflect.DelegatingMethodAccessorImpl.invoke(DelegatingMethodAccessorImpl.java:43)
	at java.lang.reflect.Method.invoke(Method.java:497)
	at sun.reflect.misc.MethodUtil.invoke(MethodUtil.java:275)
	at com.sun.jmx.mbeanserver.StandardMBeanIntrospector.invokeM2(StandardMBeanIntrospector.java:112)
	at com.sun.jmx.mbeanserver.StandardMBeanIntrospector.invokeM2(StandardMBeanIntrospector.java:46)
	at com.sun.jmx.mbeanserver.MBeanIntrospector.invokeM(MBeanIntrospector.java:237)
	at com.sun.jmx.mbeanserver.PerInterface.invoke(PerInterface.java:138)
	at com.sun.jmx.mbeanserver.MBeanSupport.invoke(MBeanSupport.java:252)
	at com.sun.jmx.interceptor.DefaultMBeanServerInterceptor.invoke(DefaultMBeanServerInterceptor.java:819)
	at com.sun.jmx.mbeanserver.JmxMBeanServer.invoke(JmxMBeanServer.java:801)
	at org.jpos.q2.QFactory.startQBean(QFactory.java:187)
	at org.jpos.q2.Q2.start(Q2.java:576)
	at org.jpos.q2.Q2.deploy(Q2.java:360)
	at org.jpos.q2.Q2.run(Q2.java:221)
	at java.lang.Thread.run(Thread.java:745)
Caused by: java.lang.ClassNotFoundException: com.example.jpos.client.TestFilter
	at java.net.URLClassLoader.findClass(URLClassLoader.java:381)
	at java.lang.ClassLoader.loadClass(ClassLoader.java:424)
	at java.lang.ClassLoader.loadClass(ClassLoader.java:357)
	at java.lang.Class.forName0(Native Method)
	at java.lang.Class.forName(Class.java:348)
	at com.sun.jmx.mbeanserver.MBeanInstantiator.loadClass(MBeanInstantiator.java:649)
	... 34 more
      </nested-exception>
      org.jpos.core.ConfigurationException: com.example.jpos.client.TestFilter (javax.management.ReflectionException: The MBean class could not be loaded)
	at org.jpos.q2.QFactory.newInstance(QFactory.java:323)
	at org.jpos.q2.iso.ChannelAdaptor.addFilters(ChannelAdaptor.java:219)
	at org.jpos.q2.iso.ChannelAdaptor.newChannel(ChannelAdaptor.java:206)
	at org.jpos.q2.iso.QServer.newChannel(QServer.java:85)
	at org.jpos.q2.iso.QServer.initServer(QServer.java:94)
	at org.jpos.q2.iso.QServer.startService(QServer.java:155)
	at org.jpos.q2.QBeanSupport.start(QBeanSupport.java:118)
	at sun.reflect.NativeMethodAccessorImpl.invoke0(Native Method)
	at sun.reflect.NativeMethodAccessorImpl.invoke(NativeMethodAccessorImpl.java:62)
	at sun.reflect.DelegatingMethodAccessorImpl.invoke(DelegatingMethodAccessorImpl.java:43)
	at java.lang.reflect.Method.invoke(Method.java:497)
	at sun.reflect.misc.Trampoline.invoke(MethodUtil.java:71)
	at sun.reflect.NativeMethodAccessorImpl.invoke0(Native Method)
	at sun.reflect.NativeMethodAccessorImpl.invoke(NativeMethodAccessorImpl.java:62)
	at sun.reflect.DelegatingMethodAccessorImpl.invoke(DelegatingMethodAccessorImpl.java:43)
	at java.lang.reflect.Method.invoke(Method.java:497)
	at sun.reflect.misc.MethodUtil.invoke(MethodUtil.java:275)
	at com.sun.jmx.mbeanserver.StandardMBeanIntrospector.invokeM2(StandardMBeanIntrospector.java:112)
	at com.sun.jmx.mbeanserver.StandardMBeanIntrospector.invokeM2(StandardMBeanIntrospector.java:46)
	at com.sun.jmx.mbeanserver.MBeanIntrospector.invokeM(MBeanIntrospector.java:237)
	at com.sun.jmx.mbeanserver.PerInterface.invoke(PerInterface.java:138)
	at com.sun.jmx.mbeanserver.MBeanSupport.invoke(MBeanSupport.java:252)
	at com.sun.jmx.interceptor.DefaultMBeanServerInterceptor.invoke(DefaultMBeanServerInterceptor.java:819)
	at com.sun.jmx.mbeanserver.JmxMBeanServer.invoke(JmxMBeanServer.java:801)
	at org.jpos.q2.QFactory.startQBean(QFactory.java:187)
	at org.jpos.q2.Q2.start(Q2.java:576)
	at org.jpos.q2.Q2.deploy(Q2.java:360)
	at org.jpos.q2.Q2.run(Q2.java:221)
	at java.lang.Thread.run(Thread.java:745)
Nested:javax.management.ReflectionException: The MBean class could not be loaded
	at com.sun.jmx.mbeanserver.MBeanInstantiator.loadClass(MBeanInstantiator.java:654)
	at com.sun.jmx.mbeanserver.MBeanInstantiator.findClass(MBeanInstantiator.java:119)
	at com.sun.jmx.mbeanserver.MBeanInstantiator.findClass(MBeanInstantiator.java:142)
	at com.sun.jmx.mbeanserver.MBeanInstantiator.instantiate(MBeanInstantiator.java:618)
	at com.sun.jmx.mbeanserver.MBeanInstantiator.instantiate(MBeanInstantiator.java:527)
	at com.sun.jmx.mbeanserver.JmxMBeanServer.instantiate(JmxMBeanServer.java:990)
	at org.jpos.q2.QFactory.newInstance(QFactory.java:321)
	at org.jpos.q2.iso.ChannelAdaptor.addFilters(ChannelAdaptor.java:219)
	at org.jpos.q2.iso.ChannelAdaptor.newChannel(ChannelAdaptor.java:206)
	at org.jpos.q2.iso.QServer.newChannel(QServer.java:85)
	at org.jpos.q2.iso.QServer.initServer(QServer.java:94)
	at org.jpos.q2.iso.QServer.startService(QServer.java:155)
	at org.jpos.q2.QBeanSupport.start(QBeanSupport.java:118)
	at sun.reflect.NativeMethodAccessorImpl.invoke0(Native Method)
	at sun.reflect.NativeMethodAccessorImpl.invoke(NativeMethodAccessorImpl.java:62)
	at sun.reflect.DelegatingMethodAccessorImpl.invoke(DelegatingMethodAccessorImpl.java:43)
	at java.lang.reflect.Method.invoke(Method.java:497)
	at sun.reflect.misc.Trampoline.invoke(MethodUtil.java:71)
	at sun.reflect.NativeMethodAccessorImpl.invoke0(Native Method)
	at sun.reflect.NativeMethodAccessorImpl.invoke(NativeMethodAccessorImpl.java:62)
	at sun.reflect.DelegatingMethodAccessorImpl.invoke(DelegatingMethodAccessorImpl.java:43)
	at java.lang.reflect.Method.invoke(Method.java:497)
	at sun.reflect.misc.MethodUtil.invoke(MethodUtil.java:275)
	at com.sun.jmx.mbeanserver.StandardMBeanIntrospector.invokeM2(StandardMBeanIntrospector.java:112)
	at com.sun.jmx.mbeanserver.StandardMBeanIntrospector.invokeM2(StandardMBeanIntrospector.java:46)
	at com.sun.jmx.mbeanserver.MBeanIntrospector.invokeM(MBeanIntrospector.java:237)
	at com.sun.jmx.mbeanserver.PerInterface.invoke(PerInterface.java:138)
	at com.sun.jmx.mbeanserver.MBeanSupport.invoke(MBeanSupport.java:252)
	at com.sun.jmx.interceptor.DefaultMBeanServerInterceptor.invoke(DefaultMBeanServerInterceptor.java:819)
	at com.sun.jmx.mbeanserver.JmxMBeanServer.invoke(JmxMBeanServer.java:801)
	at org.jpos.q2.QFactory.startQBean(QFactory.java:187)
	at org.jpos.q2.Q2.start(Q2.java:576)
	at org.jpos.q2.Q2.deploy(Q2.java:360)
	at org.jpos.q2.Q2.run(Q2.java:221)
	at java.lang.Thread.run(Thread.java:745)
Caused by: java.lang.ClassNotFoundException: com.example.jpos.client.TestFilter
	at java.net.URLClassLoader.findClass(URLClassLoader.java:381)
	at java.lang.ClassLoader.loadClass(ClassLoader.java:424)
	at java.lang.ClassLoader.loadClass(ClassLoader.java:357)
	at java.lang.Class.forName0(Native Method)
	at java.lang.Class.forName(Class.java:348)
	at com.sun.jmx.mbeanserver.MBeanInstantiator.loadClass(MBeanInstantiator.java:649)
	... 34 more
    </iso-exception>
  </warn>
</log>
<log realm="Q2.system" at="2018-06-18T21:38:42.572" lifespan="1ms">
  <info>
    removed deploy/01_groovy.xml
    created deploy/01_groovy.xml.BAD
    removed deploy/90_cron.xml
    created deploy/90_cron.xml.BAD
  </info>
</log>
<log realm="Q2.system" at="2018-06-18T21:44:03.994" lifespan="1ms">
  <info>
    removed deploy/01_groovy.xml.BAD
  </info>
</log>
<log realm="Q2.system" at="2018-06-18T21:44:04.003">
  <info>
    removed deploy/90_cron.xml.BAD
  </info>
</log>
<?xml version="1.0" encoding="UTF-8"?>
<logger class="org.jpos.util.DailyLogListener">
<log realm="Q2.system" at="2018-06-18T21:45:13.004">
  <info>
    Q2 started, deployDir=F:\github\jpos_test\deploy
  </info>
</log>
<log realm="Q2.system" at="2018-06-18T21:45:14.606" lifespan="1414ms">
  <version>
    jPOS 2.0.10 master/b78e87f (2017-01-01 21:01:18 ART) 

-----BEGIN PGP SIGNED MESSAGE-----
Hash: SHA1

jPOS Community Edition, licensed under GNU AGPL v3.0.
This software is probably not suitable for commercial use.
Please see http://jpos.org/license for details.

-----BEGIN PGP SIGNATURE-----
Version: GnuPG v1.4.9 (Darwin)

iQEcBAEBAgAGBQJMolHDAAoJEOQyeO71nYtFv74H/3OgehDGEy1VXp2U3/GcAobg
HH2eZjPUz53r38ARPiU3pzm9LwDa3WZgJJaa/b9VrJwKvbPwe9+0kY3gScDE1skT
ladHt+KHHmGQArEutkzHlpZa73RbroFEIa1qmN6MaDEHGoxZqDh0Sv2cpvOaVYGO
St8ZaddLBPC17bSjAPWo9sWbvL7FgPFOHhnPmbeux8SLtnfWxXWsgo5hLBanKmO1
1z+I/w/6DL6ZYZU6bAJUk+eyVVImJqw0x3IEElI07Nh9MC6BA4iJ77ejobj8HI2r
q9ulRPEqH9NR79619lNKVUkE206dVlXo7xHmJS1QZy5v/GT66xBxyDVfTduPFXk=
=oP+v
-----END PGP SIGNATURE-----

  </version>
</log>
<log realm="Q2.system" at="2018-06-18T21:45:14.640" lifespan="24ms">
  <info>
    deploy: F:\github\jpos_test\deploy\00_server.xml
  </info>
</log>
<log realm="org.jpos.q2.iso.QServer" at="2018-06-18T21:45:14.760">
  <warn>
    error starting service
    <iso-exception>
      com.example.jpos.client.TestFilter
      <nested-exception>
      javax.management.ReflectionException: The MBean class could not be loaded
	at com.sun.jmx.mbeanserver.MBeanInstantiator.loadClass(MBeanInstantiator.java:654)
	at com.sun.jmx.mbeanserver.MBeanInstantiator.findClass(MBeanInstantiator.java:119)
	at com.sun.jmx.mbeanserver.MBeanInstantiator.findClass(MBeanInstantiator.java:142)
	at com.sun.jmx.mbeanserver.MBeanInstantiator.instantiate(MBeanInstantiator.java:618)
	at com.sun.jmx.mbeanserver.MBeanInstantiator.instantiate(MBeanInstantiator.java:527)
	at com.sun.jmx.mbeanserver.JmxMBeanServer.instantiate(JmxMBeanServer.java:990)
	at org.jpos.q2.QFactory.newInstance(QFactory.java:321)
	at org.jpos.q2.iso.ChannelAdaptor.addFilters(ChannelAdaptor.java:219)
	at org.jpos.q2.iso.ChannelAdaptor.newChannel(ChannelAdaptor.java:206)
	at org.jpos.q2.iso.QServer.newChannel(QServer.java:85)
	at org.jpos.q2.iso.QServer.initServer(QServer.java:94)
	at org.jpos.q2.iso.QServer.startService(QServer.java:155)
	at org.jpos.q2.QBeanSupport.start(QBeanSupport.java:118)
	at sun.reflect.NativeMethodAccessorImpl.invoke0(Native Method)
	at sun.reflect.NativeMethodAccessorImpl.invoke(NativeMethodAccessorImpl.java:62)
	at sun.reflect.DelegatingMethodAccessorImpl.invoke(DelegatingMethodAccessorImpl.java:43)
	at java.lang.reflect.Method.invoke(Method.java:497)
	at sun.reflect.misc.Trampoline.invoke(MethodUtil.java:71)
	at sun.reflect.NativeMethodAccessorImpl.invoke0(Native Method)
	at sun.reflect.NativeMethodAccessorImpl.invoke(NativeMethodAccessorImpl.java:62)
	at sun.reflect.DelegatingMethodAccessorImpl.invoke(DelegatingMethodAccessorImpl.java:43)
	at java.lang.reflect.Method.invoke(Method.java:497)
	at sun.reflect.misc.MethodUtil.invoke(MethodUtil.java:275)
	at com.sun.jmx.mbeanserver.StandardMBeanIntrospector.invokeM2(StandardMBeanIntrospector.java:112)
	at com.sun.jmx.mbeanserver.StandardMBeanIntrospector.invokeM2(StandardMBeanIntrospector.java:46)
	at com.sun.jmx.mbeanserver.MBeanIntrospector.invokeM(MBeanIntrospector.java:237)
	at com.sun.jmx.mbeanserver.PerInterface.invoke(PerInterface.java:138)
	at com.sun.jmx.mbeanserver.MBeanSupport.invoke(MBeanSupport.java:252)
	at com.sun.jmx.interceptor.DefaultMBeanServerInterceptor.invoke(DefaultMBeanServerInterceptor.java:819)
	at com.sun.jmx.mbeanserver.JmxMBeanServer.invoke(JmxMBeanServer.java:801)
	at org.jpos.q2.QFactory.startQBean(QFactory.java:187)
	at org.jpos.q2.Q2.start(Q2.java:576)
	at org.jpos.q2.Q2.deploy(Q2.java:360)
	at org.jpos.q2.Q2.run(Q2.java:221)
	at java.lang.Thread.run(Thread.java:745)
Caused by: java.lang.ClassNotFoundException: com.example.jpos.client.TestFilter
	at java.net.URLClassLoader.findClass(URLClassLoader.java:381)
	at java.lang.ClassLoader.loadClass(ClassLoader.java:424)
	at java.lang.ClassLoader.loadClass(ClassLoader.java:357)
	at java.lang.Class.forName0(Native Method)
	at java.lang.Class.forName(Class.java:348)
	at com.sun.jmx.mbeanserver.MBeanInstantiator.loadClass(MBeanInstantiator.java:649)
	... 34 more
      </nested-exception>
      org.jpos.core.ConfigurationException: com.example.jpos.client.TestFilter (javax.management.ReflectionException: The MBean class could not be loaded)
	at org.jpos.q2.QFactory.newInstance(QFactory.java:323)
	at org.jpos.q2.iso.ChannelAdaptor.addFilters(ChannelAdaptor.java:219)
	at org.jpos.q2.iso.ChannelAdaptor.newChannel(ChannelAdaptor.java:206)
	at org.jpos.q2.iso.QServer.newChannel(QServer.java:85)
	at org.jpos.q2.iso.QServer.initServer(QServer.java:94)
	at org.jpos.q2.iso.QServer.startService(QServer.java:155)
	at org.jpos.q2.QBeanSupport.start(QBeanSupport.java:118)
	at sun.reflect.NativeMethodAccessorImpl.invoke0(Native Method)
	at sun.reflect.NativeMethodAccessorImpl.invoke(NativeMethodAccessorImpl.java:62)
	at sun.reflect.DelegatingMethodAccessorImpl.invoke(DelegatingMethodAccessorImpl.java:43)
	at java.lang.reflect.Method.invoke(Method.java:497)
	at sun.reflect.misc.Trampoline.invoke(MethodUtil.java:71)
	at sun.reflect.NativeMethodAccessorImpl.invoke0(Native Method)
	at sun.reflect.NativeMethodAccessorImpl.invoke(NativeMethodAccessorImpl.java:62)
	at sun.reflect.DelegatingMethodAccessorImpl.invoke(DelegatingMethodAccessorImpl.java:43)
	at java.lang.reflect.Method.invoke(Method.java:497)
	at sun.reflect.misc.MethodUtil.invoke(MethodUtil.java:275)
	at com.sun.jmx.mbeanserver.StandardMBeanIntrospector.invokeM2(StandardMBeanIntrospector.java:112)
	at com.sun.jmx.mbeanserver.StandardMBeanIntrospector.invokeM2(StandardMBeanIntrospector.java:46)
	at com.sun.jmx.mbeanserver.MBeanIntrospector.invokeM(MBeanIntrospector.java:237)
	at com.sun.jmx.mbeanserver.PerInterface.invoke(PerInterface.java:138)
	at com.sun.jmx.mbeanserver.MBeanSupport.invoke(MBeanSupport.java:252)
	at com.sun.jmx.interceptor.DefaultMBeanServerInterceptor.invoke(DefaultMBeanServerInterceptor.java:819)
	at com.sun.jmx.mbeanserver.JmxMBeanServer.invoke(JmxMBeanServer.java:801)
	at org.jpos.q2.QFactory.startQBean(QFactory.java:187)
	at org.jpos.q2.Q2.start(Q2.java:576)
	at org.jpos.q2.Q2.deploy(Q2.java:360)
	at org.jpos.q2.Q2.run(Q2.java:221)
	at java.lang.Thread.run(Thread.java:745)
Nested:javax.management.ReflectionException: The MBean class could not be loaded
	at com.sun.jmx.mbeanserver.MBeanInstantiator.loadClass(MBeanInstantiator.java:654)
	at com.sun.jmx.mbeanserver.MBeanInstantiator.findClass(MBeanInstantiator.java:119)
	at com.sun.jmx.mbeanserver.MBeanInstantiator.findClass(MBeanInstantiator.java:142)
	at com.sun.jmx.mbeanserver.MBeanInstantiator.instantiate(MBeanInstantiator.java:618)
	at com.sun.jmx.mbeanserver.MBeanInstantiator.instantiate(MBeanInstantiator.java:527)
	at com.sun.jmx.mbeanserver.JmxMBeanServer.instantiate(JmxMBeanServer.java:990)
	at org.jpos.q2.QFactory.newInstance(QFactory.java:321)
	at org.jpos.q2.iso.ChannelAdaptor.addFilters(ChannelAdaptor.java:219)
	at org.jpos.q2.iso.ChannelAdaptor.newChannel(ChannelAdaptor.java:206)
	at org.jpos.q2.iso.QServer.newChannel(QServer.java:85)
	at org.jpos.q2.iso.QServer.initServer(QServer.java:94)
	at org.jpos.q2.iso.QServer.startService(QServer.java:155)
	at org.jpos.q2.QBeanSupport.start(QBeanSupport.java:118)
	at sun.reflect.NativeMethodAccessorImpl.invoke0(Native Method)
	at sun.reflect.NativeMethodAccessorImpl.invoke(NativeMethodAccessorImpl.java:62)
	at sun.reflect.DelegatingMethodAccessorImpl.invoke(DelegatingMethodAccessorImpl.java:43)
	at java.lang.reflect.Method.invoke(Method.java:497)
	at sun.reflect.misc.Trampoline.invoke(MethodUtil.java:71)
	at sun.reflect.NativeMethodAccessorImpl.invoke0(Native Method)
	at sun.reflect.NativeMethodAccessorImpl.invoke(NativeMethodAccessorImpl.java:62)
	at sun.reflect.DelegatingMethodAccessorImpl.invoke(DelegatingMethodAccessorImpl.java:43)
	at java.lang.reflect.Method.invoke(Method.java:497)
	at sun.reflect.misc.MethodUtil.invoke(MethodUtil.java:275)
	at com.sun.jmx.mbeanserver.StandardMBeanIntrospector.invokeM2(StandardMBeanIntrospector.java:112)
	at com.sun.jmx.mbeanserver.StandardMBeanIntrospector.invokeM2(StandardMBeanIntrospector.java:46)
	at com.sun.jmx.mbeanserver.MBeanIntrospector.invokeM(MBeanIntrospector.java:237)
	at com.sun.jmx.mbeanserver.PerInterface.invoke(PerInterface.java:138)
	at com.sun.jmx.mbeanserver.MBeanSupport.invoke(MBeanSupport.java:252)
	at com.sun.jmx.interceptor.DefaultMBeanServerInterceptor.invoke(DefaultMBeanServerInterceptor.java:819)
	at com.sun.jmx.mbeanserver.JmxMBeanServer.invoke(JmxMBeanServer.java:801)
	at org.jpos.q2.QFactory.startQBean(QFactory.java:187)
	at org.jpos.q2.Q2.start(Q2.java:576)
	at org.jpos.q2.Q2.deploy(Q2.java:360)
	at org.jpos.q2.Q2.run(Q2.java:221)
	at java.lang.Thread.run(Thread.java:745)
Caused by: java.lang.ClassNotFoundException: com.example.jpos.client.TestFilter
	at java.net.URLClassLoader.findClass(URLClassLoader.java:381)
	at java.lang.ClassLoader.loadClass(ClassLoader.java:424)
	at java.lang.ClassLoader.loadClass(ClassLoader.java:357)
	at java.lang.Class.forName0(Native Method)
	at java.lang.Class.forName(Class.java:348)
	at com.sun.jmx.mbeanserver.MBeanInstantiator.loadClass(MBeanInstantiator.java:649)
	... 34 more
    </iso-exception>
  </warn>
</log>
<log realm="Q2.system" at="2018-06-18T21:48:11.320">
  <info>
    created deploy/00_server.xml___jb_tmp___
  </info>
</log>
<log realm="Q2.system" at="2018-06-18T21:48:11.323">
  <info>
    modified deploy/00_server.xml___jb_tmp___
  </info>
</log>
<log realm="Q2.system" at="2018-06-18T21:48:11.359">
  <info>
    removed deploy/00_server.xml
    created deploy/00_server.xml___jb_old___
  </info>
</log>
<log realm="Q2.system" at="2018-06-18T21:48:11.361">
  <trace>
    undeploying:F:\github\jpos_test\deploy\00_server.xml
  </trace>
</log>
<log realm="Q2.system" at="2018-06-18T21:48:11.363">
  <info>
    undeployed:F:\github\jpos_test\deploy\00_server.xml
  </info>
</log>
<log realm="Q2.system" at="2018-06-18T21:48:11.364" lifespan="1ms">
  <info>
    removed deploy/00_server.xml___jb_tmp___
    created deploy/00_server.xml
  </info>
</log>
<log realm="Q2.system" at="2018-06-18T21:48:11.369" lifespan="4ms">
  <info>
    deploy: F:\github\jpos_test\deploy\00_server.xml
  </info>
</log>
<log realm="org.jpos.q2.iso.QServer" at="2018-06-18T21:48:11.385">
  <warn>
    error starting service
    <iso-exception>
      org.jpos.apps.qsp.Q2Router
      <nested-exception>
      javax.management.ReflectionException: The MBean class could not be loaded
	at com.sun.jmx.mbeanserver.MBeanInstantiator.loadClass(MBeanInstantiator.java:654)
	at com.sun.jmx.mbeanserver.MBeanInstantiator.findClass(MBeanInstantiator.java:119)
	at com.sun.jmx.mbeanserver.MBeanInstantiator.findClass(MBeanInstantiator.java:142)
	at com.sun.jmx.mbeanserver.MBeanInstantiator.instantiate(MBeanInstantiator.java:618)
	at com.sun.jmx.mbeanserver.MBeanInstantiator.instantiate(MBeanInstantiator.java:527)
	at com.sun.jmx.mbeanserver.JmxMBeanServer.instantiate(JmxMBeanServer.java:990)
	at org.jpos.q2.QFactory.newInstance(QFactory.java:321)
	at org.jpos.q2.iso.QServer.addListeners(QServer.java:296)
	at org.jpos.q2.iso.QServer.initServer(QServer.java:120)
	at org.jpos.q2.iso.QServer.startService(QServer.java:155)
	at org.jpos.q2.QBeanSupport.start(QBeanSupport.java:118)
	at sun.reflect.NativeMethodAccessorImpl.invoke0(Native Method)
	at sun.reflect.NativeMethodAccessorImpl.invoke(NativeMethodAccessorImpl.java:62)
	at sun.reflect.DelegatingMethodAccessorImpl.invoke(DelegatingMethodAccessorImpl.java:43)
	at java.lang.reflect.Method.invoke(Method.java:497)
	at sun.reflect.misc.Trampoline.invoke(MethodUtil.java:71)
	at sun.reflect.GeneratedMethodAccessor1.invoke(Unknown Source)
	at sun.reflect.DelegatingMethodAccessorImpl.invoke(DelegatingMethodAccessorImpl.java:43)
	at java.lang.reflect.Method.invoke(Method.java:497)
	at sun.reflect.misc.MethodUtil.invoke(MethodUtil.java:275)
	at com.sun.jmx.mbeanserver.StandardMBeanIntrospector.invokeM2(StandardMBeanIntrospector.java:112)
	at com.sun.jmx.mbeanserver.StandardMBeanIntrospector.invokeM2(StandardMBeanIntrospector.java:46)
	at com.sun.jmx.mbeanserver.MBeanIntrospector.invokeM(MBeanIntrospector.java:237)
	at com.sun.jmx.mbeanserver.PerInterface.invoke(PerInterface.java:138)
	at com.sun.jmx.mbeanserver.MBeanSupport.invoke(MBeanSupport.java:252)
	at com.sun.jmx.interceptor.DefaultMBeanServerInterceptor.invoke(DefaultMBeanServerInterceptor.java:819)
	at com.sun.jmx.mbeanserver.JmxMBeanServer.invoke(JmxMBeanServer.java:801)
	at org.jpos.q2.QFactory.startQBean(QFactory.java:187)
	at org.jpos.q2.Q2.start(Q2.java:576)
	at org.jpos.q2.Q2.deploy(Q2.java:360)
	at org.jpos.q2.Q2.run(Q2.java:221)
	at java.lang.Thread.run(Thread.java:745)
Caused by: java.lang.ClassNotFoundException: org.jpos.apps.qsp.Q2Router
	at java.net.URLClassLoader.findClass(URLClassLoader.java:381)
	at java.lang.ClassLoader.loadClass(ClassLoader.java:424)
	at java.lang.ClassLoader.loadClass(ClassLoader.java:357)
	at java.lang.Class.forName0(Native Method)
	at java.lang.Class.forName(Class.java:348)
	at com.sun.jmx.mbeanserver.MBeanInstantiator.loadClass(MBeanInstantiator.java:649)
	... 31 more
      </nested-exception>
      org.jpos.core.ConfigurationException: org.jpos.apps.qsp.Q2Router (javax.management.ReflectionException: The MBean class could not be loaded)
	at org.jpos.q2.QFactory.newInstance(QFactory.java:323)
	at org.jpos.q2.iso.QServer.addListeners(QServer.java:296)
	at org.jpos.q2.iso.QServer.initServer(QServer.java:120)
	at org.jpos.q2.iso.QServer.startService(QServer.java:155)
	at org.jpos.q2.QBeanSupport.start(QBeanSupport.java:118)
	at sun.reflect.NativeMethodAccessorImpl.invoke0(Native Method)
	at sun.reflect.NativeMethodAccessorImpl.invoke(NativeMethodAccessorImpl.java:62)
	at sun.reflect.DelegatingMethodAccessorImpl.invoke(DelegatingMethodAccessorImpl.java:43)
	at java.lang.reflect.Method.invoke(Method.java:497)
	at sun.reflect.misc.Trampoline.invoke(MethodUtil.java:71)
	at sun.reflect.GeneratedMethodAccessor1.invoke(Unknown Source)
	at sun.reflect.DelegatingMethodAccessorImpl.invoke(DelegatingMethodAccessorImpl.java:43)
	at java.lang.reflect.Method.invoke(Method.java:497)
	at sun.reflect.misc.MethodUtil.invoke(MethodUtil.java:275)
	at com.sun.jmx.mbeanserver.StandardMBeanIntrospector.invokeM2(StandardMBeanIntrospector.java:112)
	at com.sun.jmx.mbeanserver.StandardMBeanIntrospector.invokeM2(StandardMBeanIntrospector.java:46)
	at com.sun.jmx.mbeanserver.MBeanIntrospector.invokeM(MBeanIntrospector.java:237)
	at com.sun.jmx.mbeanserver.PerInterface.invoke(PerInterface.java:138)
	at com.sun.jmx.mbeanserver.MBeanSupport.invoke(MBeanSupport.java:252)
	at com.sun.jmx.interceptor.DefaultMBeanServerInterceptor.invoke(DefaultMBeanServerInterceptor.java:819)
	at com.sun.jmx.mbeanserver.JmxMBeanServer.invoke(JmxMBeanServer.java:801)
	at org.jpos.q2.QFactory.startQBean(QFactory.java:187)
	at org.jpos.q2.Q2.start(Q2.java:576)
	at org.jpos.q2.Q2.deploy(Q2.java:360)
	at org.jpos.q2.Q2.run(Q2.java:221)
	at java.lang.Thread.run(Thread.java:745)
Nested:javax.management.ReflectionException: The MBean class could not be loaded
	at com.sun.jmx.mbeanserver.MBeanInstantiator.loadClass(MBeanInstantiator.java:654)
	at com.sun.jmx.mbeanserver.MBeanInstantiator.findClass(MBeanInstantiator.java:119)
	at com.sun.jmx.mbeanserver.MBeanInstantiator.findClass(MBeanInstantiator.java:142)
	at com.sun.jmx.mbeanserver.MBeanInstantiator.instantiate(MBeanInstantiator.java:618)
	at com.sun.jmx.mbeanserver.MBeanInstantiator.instantiate(MBeanInstantiator.java:527)
	at com.sun.jmx.mbeanserver.JmxMBeanServer.instantiate(JmxMBeanServer.java:990)
	at org.jpos.q2.QFactory.newInstance(QFactory.java:321)
	at org.jpos.q2.iso.QServer.addListeners(QServer.java:296)
	at org.jpos.q2.iso.QServer.initServer(QServer.java:120)
	at org.jpos.q2.iso.QServer.startService(QServer.java:155)
	at org.jpos.q2.QBeanSupport.start(QBeanSupport.java:118)
	at sun.reflect.NativeMethodAccessorImpl.invoke0(Native Method)
	at sun.reflect.NativeMethodAccessorImpl.invoke(NativeMethodAccessorImpl.java:62)
	at sun.reflect.DelegatingMethodAccessorImpl.invoke(DelegatingMethodAccessorImpl.java:43)
	at java.lang.reflect.Method.invoke(Method.java:497)
	at sun.reflect.misc.Trampoline.invoke(MethodUtil.java:71)
	at sun.reflect.GeneratedMethodAccessor1.invoke(Unknown Source)
	at sun.reflect.DelegatingMethodAccessorImpl.invoke(DelegatingMethodAccessorImpl.java:43)
	at java.lang.reflect.Method.invoke(Method.java:497)
	at sun.reflect.misc.MethodUtil.invoke(MethodUtil.java:275)
	at com.sun.jmx.mbeanserver.StandardMBeanIntrospector.invokeM2(StandardMBeanIntrospector.java:112)
	at com.sun.jmx.mbeanserver.StandardMBeanIntrospector.invokeM2(StandardMBeanIntrospector.java:46)
	at com.sun.jmx.mbeanserver.MBeanIntrospector.invokeM(MBeanIntrospector.java:237)
	at com.sun.jmx.mbeanserver.PerInterface.invoke(PerInterface.java:138)
	at com.sun.jmx.mbeanserver.MBeanSupport.invoke(MBeanSupport.java:252)
	at com.sun.jmx.interceptor.DefaultMBeanServerInterceptor.invoke(DefaultMBeanServerInterceptor.java:819)
	at com.sun.jmx.mbeanserver.JmxMBeanServer.invoke(JmxMBeanServer.java:801)
	at org.jpos.q2.QFactory.startQBean(QFactory.java:187)
	at org.jpos.q2.Q2.start(Q2.java:576)
	at org.jpos.q2.Q2.deploy(Q2.java:360)
	at org.jpos.q2.Q2.run(Q2.java:221)
	at java.lang.Thread.run(Thread.java:745)
Caused by: java.lang.ClassNotFoundException: org.jpos.apps.qsp.Q2Router
	at java.net.URLClassLoader.findClass(URLClassLoader.java:381)
	at java.lang.ClassLoader.loadClass(ClassLoader.java:424)
	at java.lang.ClassLoader.loadClass(ClassLoader.java:357)
	at java.lang.Class.forName0(Native Method)
	at java.lang.Class.forName(Class.java:348)
	at com.sun.jmx.mbeanserver.MBeanInstantiator.loadClass(MBeanInstantiator.java:649)
	... 31 more
    </iso-exception>
  </warn>
</log>
<log realm="Q2.system" at="2018-06-18T21:48:11.391">
  <info>
    removed deploy/00_server.xml___jb_old___
  </info>
</log>
<?xml version="1.0" encoding="UTF-8"?>
<logger class="org.jpos.util.DailyLogListener">
<log realm="Q2.system" at="2018-06-18T21:48:21.671">
  <info>
    Q2 started, deployDir=F:\github\jpos_test\deploy
  </info>
</log>
<log realm="Q2.system" at="2018-06-18T21:48:23.182" lifespan="1390ms">
  <version>
    jPOS 2.0.10 master/b78e87f (2017-01-01 21:01:18 ART) 

-----BEGIN PGP SIGNED MESSAGE-----
Hash: SHA1

jPOS Community Edition, licensed under GNU AGPL v3.0.
This software is probably not suitable for commercial use.
Please see http://jpos.org/license for details.

-----BEGIN PGP SIGNATURE-----
Version: GnuPG v1.4.9 (Darwin)

iQEcBAEBAgAGBQJMolHDAAoJEOQyeO71nYtFv74H/3OgehDGEy1VXp2U3/GcAobg
HH2eZjPUz53r38ARPiU3pzm9LwDa3WZgJJaa/b9VrJwKvbPwe9+0kY3gScDE1skT
ladHt+KHHmGQArEutkzHlpZa73RbroFEIa1qmN6MaDEHGoxZqDh0Sv2cpvOaVYGO
St8ZaddLBPC17bSjAPWo9sWbvL7FgPFOHhnPmbeux8SLtnfWxXWsgo5hLBanKmO1
1z+I/w/6DL6ZYZU6bAJUk+eyVVImJqw0x3IEElI07Nh9MC6BA4iJ77ejobj8HI2r
q9ulRPEqH9NR79619lNKVUkE206dVlXo7xHmJS1QZy5v/GT66xBxyDVfTduPFXk=
=oP+v
-----END PGP SIGNATURE-----

  </version>
</log>
<log realm="Q2.system" at="2018-06-18T21:48:23.214" lifespan="20ms">
  <info>
    deploy: F:\github\jpos_test\deploy\00_server.xml
  </info>
</log>
<log realm="org.jpos.q2.iso.QServer" at="2018-06-18T21:48:23.295">
  <warn>
    error starting service
    <iso-exception>
      org.jpos.apps.qsp.Q2Router
      <nested-exception>
      javax.management.ReflectionException: The MBean class could not be loaded
	at com.sun.jmx.mbeanserver.MBeanInstantiator.loadClass(MBeanInstantiator.java:654)
	at com.sun.jmx.mbeanserver.MBeanInstantiator.findClass(MBeanInstantiator.java:119)
	at com.sun.jmx.mbeanserver.MBeanInstantiator.findClass(MBeanInstantiator.java:142)
	at com.sun.jmx.mbeanserver.MBeanInstantiator.instantiate(MBeanInstantiator.java:618)
	at com.sun.jmx.mbeanserver.MBeanInstantiator.instantiate(MBeanInstantiator.java:527)
	at com.sun.jmx.mbeanserver.JmxMBeanServer.instantiate(JmxMBeanServer.java:990)
	at org.jpos.q2.QFactory.newInstance(QFactory.java:321)
	at org.jpos.q2.iso.QServer.addListeners(QServer.java:296)
	at org.jpos.q2.iso.QServer.initServer(QServer.java:120)
	at org.jpos.q2.iso.QServer.startService(QServer.java:155)
	at org.jpos.q2.QBeanSupport.start(QBeanSupport.java:118)
	at sun.reflect.NativeMethodAccessorImpl.invoke0(Native Method)
	at sun.reflect.NativeMethodAccessorImpl.invoke(NativeMethodAccessorImpl.java:62)
	at sun.reflect.DelegatingMethodAccessorImpl.invoke(DelegatingMethodAccessorImpl.java:43)
	at java.lang.reflect.Method.invoke(Method.java:497)
	at sun.reflect.misc.Trampoline.invoke(MethodUtil.java:71)
	at sun.reflect.NativeMethodAccessorImpl.invoke0(Native Method)
	at sun.reflect.NativeMethodAccessorImpl.invoke(NativeMethodAccessorImpl.java:62)
	at sun.reflect.DelegatingMethodAccessorImpl.invoke(DelegatingMethodAccessorImpl.java:43)
	at java.lang.reflect.Method.invoke(Method.java:497)
	at sun.reflect.misc.MethodUtil.invoke(MethodUtil.java:275)
	at com.sun.jmx.mbeanserver.StandardMBeanIntrospector.invokeM2(StandardMBeanIntrospector.java:112)
	at com.sun.jmx.mbeanserver.StandardMBeanIntrospector.invokeM2(StandardMBeanIntrospector.java:46)
	at com.sun.jmx.mbeanserver.MBeanIntrospector.invokeM(MBeanIntrospector.java:237)
	at com.sun.jmx.mbeanserver.PerInterface.invoke(PerInterface.java:138)
	at com.sun.jmx.mbeanserver.MBeanSupport.invoke(MBeanSupport.java:252)
	at com.sun.jmx.interceptor.DefaultMBeanServerInterceptor.invoke(DefaultMBeanServerInterceptor.java:819)
	at com.sun.jmx.mbeanserver.JmxMBeanServer.invoke(JmxMBeanServer.java:801)
	at org.jpos.q2.QFactory.startQBean(QFactory.java:187)
	at org.jpos.q2.Q2.start(Q2.java:576)
	at org.jpos.q2.Q2.deploy(Q2.java:360)
	at org.jpos.q2.Q2.run(Q2.java:221)
	at java.lang.Thread.run(Thread.java:745)
Caused by: java.lang.ClassNotFoundException: org.jpos.apps.qsp.Q2Router
	at java.net.URLClassLoader.findClass(URLClassLoader.java:381)
	at java.lang.ClassLoader.loadClass(ClassLoader.java:424)
	at java.lang.ClassLoader.loadClass(ClassLoader.java:357)
	at java.lang.Class.forName0(Native Method)
	at java.lang.Class.forName(Class.java:348)
	at com.sun.jmx.mbeanserver.MBeanInstantiator.loadClass(MBeanInstantiator.java:649)
	... 32 more
      </nested-exception>
      org.jpos.core.ConfigurationException: org.jpos.apps.qsp.Q2Router (javax.management.ReflectionException: The MBean class could not be loaded)
	at org.jpos.q2.QFactory.newInstance(QFactory.java:323)
	at org.jpos.q2.iso.QServer.addListeners(QServer.java:296)
	at org.jpos.q2.iso.QServer.initServer(QServer.java:120)
	at org.jpos.q2.iso.QServer.startService(QServer.java:155)
	at org.jpos.q2.QBeanSupport.start(QBeanSupport.java:118)
	at sun.reflect.NativeMethodAccessorImpl.invoke0(Native Method)
	at sun.reflect.NativeMethodAccessorImpl.invoke(NativeMethodAccessorImpl.java:62)
	at sun.reflect.DelegatingMethodAccessorImpl.invoke(DelegatingMethodAccessorImpl.java:43)
	at java.lang.reflect.Method.invoke(Method.java:497)
	at sun.reflect.misc.Trampoline.invoke(MethodUtil.java:71)
	at sun.reflect.NativeMethodAccessorImpl.invoke0(Native Method)
	at sun.reflect.NativeMethodAccessorImpl.invoke(NativeMethodAccessorImpl.java:62)
	at sun.reflect.DelegatingMethodAccessorImpl.invoke(DelegatingMethodAccessorImpl.java:43)
	at java.lang.reflect.Method.invoke(Method.java:497)
	at sun.reflect.misc.MethodUtil.invoke(MethodUtil.java:275)
	at com.sun.jmx.mbeanserver.StandardMBeanIntrospector.invokeM2(StandardMBeanIntrospector.java:112)
	at com.sun.jmx.mbeanserver.StandardMBeanIntrospector.invokeM2(StandardMBeanIntrospector.java:46)
	at com.sun.jmx.mbeanserver.MBeanIntrospector.invokeM(MBeanIntrospector.java:237)
	at com.sun.jmx.mbeanserver.PerInterface.invoke(PerInterface.java:138)
	at com.sun.jmx.mbeanserver.MBeanSupport.invoke(MBeanSupport.java:252)
	at com.sun.jmx.interceptor.DefaultMBeanServerInterceptor.invoke(DefaultMBeanServerInterceptor.java:819)
	at com.sun.jmx.mbeanserver.JmxMBeanServer.invoke(JmxMBeanServer.java:801)
	at org.jpos.q2.QFactory.startQBean(QFactory.java:187)
	at org.jpos.q2.Q2.start(Q2.java:576)
	at org.jpos.q2.Q2.deploy(Q2.java:360)
	at org.jpos.q2.Q2.run(Q2.java:221)
	at java.lang.Thread.run(Thread.java:745)
Nested:javax.management.ReflectionException: The MBean class could not be loaded
	at com.sun.jmx.mbeanserver.MBeanInstantiator.loadClass(MBeanInstantiator.java:654)
	at com.sun.jmx.mbeanserver.MBeanInstantiator.findClass(MBeanInstantiator.java:119)
	at com.sun.jmx.mbeanserver.MBeanInstantiator.findClass(MBeanInstantiator.java:142)
	at com.sun.jmx.mbeanserver.MBeanInstantiator.instantiate(MBeanInstantiator.java:618)
	at com.sun.jmx.mbeanserver.MBeanInstantiator.instantiate(MBeanInstantiator.java:527)
	at com.sun.jmx.mbeanserver.JmxMBeanServer.instantiate(JmxMBeanServer.java:990)
	at org.jpos.q2.QFactory.newInstance(QFactory.java:321)
	at org.jpos.q2.iso.QServer.addListeners(QServer.java:296)
	at org.jpos.q2.iso.QServer.initServer(QServer.java:120)
	at org.jpos.q2.iso.QServer.startService(QServer.java:155)
	at org.jpos.q2.QBeanSupport.start(QBeanSupport.java:118)
	at sun.reflect.NativeMethodAccessorImpl.invoke0(Native Method)
	at sun.reflect.NativeMethodAccessorImpl.invoke(NativeMethodAccessorImpl.java:62)
	at sun.reflect.DelegatingMethodAccessorImpl.invoke(DelegatingMethodAccessorImpl.java:43)
	at java.lang.reflect.Method.invoke(Method.java:497)
	at sun.reflect.misc.Trampoline.invoke(MethodUtil.java:71)
	at sun.reflect.NativeMethodAccessorImpl.invoke0(Native Method)
	at sun.reflect.NativeMethodAccessorImpl.invoke(NativeMethodAccessorImpl.java:62)
	at sun.reflect.DelegatingMethodAccessorImpl.invoke(DelegatingMethodAccessorImpl.java:43)
	at java.lang.reflect.Method.invoke(Method.java:497)
	at sun.reflect.misc.MethodUtil.invoke(MethodUtil.java:275)
	at com.sun.jmx.mbeanserver.StandardMBeanIntrospector.invokeM2(StandardMBeanIntrospector.java:112)
	at com.sun.jmx.mbeanserver.StandardMBeanIntrospector.invokeM2(StandardMBeanIntrospector.java:46)
	at com.sun.jmx.mbeanserver.MBeanIntrospector.invokeM(MBeanIntrospector.java:237)
	at com.sun.jmx.mbeanserver.PerInterface.invoke(PerInterface.java:138)
	at com.sun.jmx.mbeanserver.MBeanSupport.invoke(MBeanSupport.java:252)
	at com.sun.jmx.interceptor.DefaultMBeanServerInterceptor.invoke(DefaultMBeanServerInterceptor.java:819)
	at com.sun.jmx.mbeanserver.JmxMBeanServer.invoke(JmxMBeanServer.java:801)
	at org.jpos.q2.QFactory.startQBean(QFactory.java:187)
	at org.jpos.q2.Q2.start(Q2.java:576)
	at org.jpos.q2.Q2.deploy(Q2.java:360)
	at org.jpos.q2.Q2.run(Q2.java:221)
	at java.lang.Thread.run(Thread.java:745)
Caused by: java.lang.ClassNotFoundException: org.jpos.apps.qsp.Q2Router
	at java.net.URLClassLoader.findClass(URLClassLoader.java:381)
	at java.lang.ClassLoader.loadClass(ClassLoader.java:424)
	at java.lang.ClassLoader.loadClass(ClassLoader.java:357)
	at java.lang.Class.forName0(Native Method)
	at java.lang.Class.forName(Class.java:348)
	at com.sun.jmx.mbeanserver.MBeanInstantiator.loadClass(MBeanInstantiator.java:649)
	... 32 more
    </iso-exception>
  </warn>
</log>
<log realm="Q2.system" at="2018-06-18T21:49:05.980">
  <info>
    created deploy/00_server.xml___jb_tmp___
  </info>
</log>
<log realm="Q2.system" at="2018-06-18T21:49:06.012">
  <info>
    modified deploy/00_server.xml___jb_tmp___
  </info>
</log>
<log realm="Q2.system" at="2018-06-18T21:49:06.090">
  <info>
    removed deploy/00_server.xml
    created deploy/00_server.xml___jb_old___
  </info>
</log>
<log realm="Q2.system" at="2018-06-18T21:49:06.092">
  <trace>
    undeploying:F:\github\jpos_test\deploy\00_server.xml
  </trace>
</log>
<log realm="module.pool" at="2018-06-18T21:49:06.095" lifespan="1ms">
  <queue closed/>
</log>
<log realm="Q2.system" at="2018-06-18T21:49:06.097">
  <info>
    undeployed:F:\github\jpos_test\deploy\00_server.xml
  </info>
</log>
<log realm="Q2.system" at="2018-06-18T21:49:06.098">
  <info>
    removed deploy/00_server.xml___jb_tmp___
    created deploy/00_server.xml
    removed deploy/00_server.xml___jb_old___
  </info>
</log>
<log realm="Q2.system" at="2018-06-18T21:49:06.103" lifespan="3ms">
  <info>
    deploy: F:\github\jpos_test\deploy\00_server.xml
  </info>
</log>
<log realm="module.server" at="2018-06-18T21:49:06.112">
  <iso-server>
    listening on port 9031
  </iso-server>
</log>
<?xml version="1.0" encoding="UTF-8"?>
<logger class="org.jpos.util.DailyLogListener">
<log realm="Q2.system" at="2018-06-18T21:49:11.458">
  <info>
    Q2 started, deployDir=F:\github\jpos_test\deploy
  </info>
</log>
<log realm="Q2.system" at="2018-06-18T21:49:13.243" lifespan="1658ms">
  <version>
    jPOS 2.0.10 master/b78e87f (2017-01-01 21:01:18 ART) 

-----BEGIN PGP SIGNED MESSAGE-----
Hash: SHA1

jPOS Community Edition, licensed under GNU AGPL v3.0.
This software is probably not suitable for commercial use.
Please see http://jpos.org/license for details.

-----BEGIN PGP SIGNATURE-----
Version: GnuPG v1.4.9 (Darwin)

iQEcBAEBAgAGBQJMolHDAAoJEOQyeO71nYtFv74H/3OgehDGEy1VXp2U3/GcAobg
HH2eZjPUz53r38ARPiU3pzm9LwDa3WZgJJaa/b9VrJwKvbPwe9+0kY3gScDE1skT
ladHt+KHHmGQArEutkzHlpZa73RbroFEIa1qmN6MaDEHGoxZqDh0Sv2cpvOaVYGO
St8ZaddLBPC17bSjAPWo9sWbvL7FgPFOHhnPmbeux8SLtnfWxXWsgo5hLBanKmO1
1z+I/w/6DL6ZYZU6bAJUk+eyVVImJqw0x3IEElI07Nh9MC6BA4iJ77ejobj8HI2r
q9ulRPEqH9NR79619lNKVUkE206dVlXo7xHmJS1QZy5v/GT66xBxyDVfTduPFXk=
=oP+v
-----END PGP SIGNATURE-----

  </version>
</log>
<log realm="Q2.system" at="2018-06-18T21:49:13.272" lifespan="12ms">
  <info>
    deploy: F:\github\jpos_test\deploy\00_server.xml
  </info>
</log>
<log realm="module.server" at="2018-06-18T21:49:13.357">
  <iso-server>
    listening on port 9031
  </iso-server>
</log>
<log realm="Q2.system" at="2018-06-18T21:49:42.493">
  <info>
    created deploy/00_server.xml___jb_tmp___
  </info>
</log>
<log realm="Q2.system" at="2018-06-18T21:49:42.497">
  <info>
    modified deploy/00_server.xml___jb_tmp___
  </info>
</log>
<log realm="Q2.system" at="2018-06-18T21:49:42.558" lifespan="1ms">
  <info>
    removed deploy/00_server.xml
    created deploy/00_server.xml___jb_old___
  </info>
</log>
<log realm="Q2.system" at="2018-06-18T21:49:42.563" lifespan="1ms">
  <trace>
    undeploying:F:\github\jpos_test\deploy\00_server.xml
  </trace>
</log>
<log realm="Q2.system" at="2018-06-18T21:49:42.573">
  <info>
    undeployed:F:\github\jpos_test\deploy\00_server.xml
  </info>
</log>
<log realm="Q2.system" at="2018-06-18T21:49:42.578" lifespan="1ms">
  <info>
    removed deploy/00_server.xml___jb_tmp___
    created deploy/00_server.xml
  </info>
</log>
<log realm="module.pool" at="2018-06-18T21:49:42.583" lifespan="2ms">
  <queue closed/>
</log>
<log realm="Q2.system" at="2018-06-18T21:49:42.596" lifespan="8ms">
  <info>
    deploy: F:\github\jpos_test\deploy\00_server.xml
  </info>
</log>
<log realm="Q2.system" at="2018-06-18T21:49:42.598">
  <info>
    removed deploy/00_server.xml___jb_old___
  </info>
</log>
<log realm="module.server" at="2018-06-18T21:49:42.603">
  <iso-server>
    listening on port 9031
  </iso-server>
</log>
<log realm="Q2.system" at="2018-06-18T21:49:44.163">
  <info>
    created deploy/00_server.xml___jb_tmp___
  </info>
</log>
<log realm="Q2.system" at="2018-06-18T21:49:44.166" lifespan="1ms">
  <info>
    modified deploy/00_server.xml___jb_tmp___
  </info>
</log>
<log realm="Q2.system" at="2018-06-18T21:49:44.227" lifespan="1ms">
  <info>
    removed deploy/00_server.xml
    created deploy/00_server.xml___jb_old___
  </info>
</log>
<log realm="Q2.system" at="2018-06-18T21:49:44.232">
  <trace>
    undeploying:F:\github\jpos_test\deploy\00_server.xml
  </trace>
</log>
<log realm="Q2.system" at="2018-06-18T21:49:44.233">
  <info>
    undeployed:F:\github\jpos_test\deploy\00_server.xml
  </info>
</log>
<log realm="Q2.system" at="2018-06-18T21:49:44.234" lifespan="1ms">
  <info>
    removed deploy/00_server.xml___jb_tmp___
    created deploy/00_server.xml
    removed deploy/00_server.xml___jb_old___
  </info>
</log>
<log realm="Q2.system" at="2018-06-18T21:49:44.241" lifespan="6ms">
  <info>
    deploy: F:\github\jpos_test\deploy\00_server.xml
  </info>
</log>
<log realm="module.server" at="2018-06-18T21:49:44.257">
  <iso-server>
    <exception name="Address already in use: JVM_Bind">
    java.net.BindException: Address already in use: JVM_Bind
	at java.net.DualStackPlainSocketImpl.bind0(Native Method)
	at java.net.DualStackPlainSocketImpl.socketBind(DualStackPlainSocketImpl.java:106)
	at java.net.AbstractPlainSocketImpl.bind(AbstractPlainSocketImpl.java:382)
	at java.net.PlainSocketImpl.bind(PlainSocketImpl.java:190)
	at java.net.ServerSocket.bind(ServerSocket.java:375)
	at org.jpos.iso.ISOServer.createServerSocket(ISOServer.java:286)
	at org.jpos.iso.ISOServer.run(ISOServer.java:472)
	at java.lang.Thread.run(Thread.java:745)
    </exception>
  </iso-server>
</log>
<log realm="module.pool" at="2018-06-18T21:49:44.262" lifespan="5ms">
  <queue closed/>
</log>
<log realm="module.server" at="2018-06-18T21:49:49.264">
  <iso-server>
    listening on port 9031
  </iso-server>
</log>
<log realm="Q2.system" at="2018-06-18T21:49:54.959">
  <info>
    created deploy/00_server.xml___jb_tmp___
  </info>
</log>
<log realm="Q2.system" at="2018-06-18T21:49:54.962">
  <info>
    modified deploy/00_server.xml___jb_tmp___
  </info>
</log>
<log realm="Q2.system" at="2018-06-18T21:49:54.995">
  <info>
    removed deploy/00_server.xml
    created deploy/00_server.xml___jb_old___
  </info>
</log>
<log realm="Q2.system" at="2018-06-18T21:49:54.997">
  <trace>
    undeploying:F:\github\jpos_test\deploy\00_server.xml
  </trace>
</log>
<log realm="Q2.system" at="2018-06-18T21:49:54.998">
  <info>
    undeployed:F:\github\jpos_test\deploy\00_server.xml
  </info>
</log>
<log realm="module.pool" at="2018-06-18T21:49:55">
  <queue closed/>
</log>
<log realm="Q2.system" at="2018-06-18T21:49:55.003">
  <info>
    removed deploy/00_server.xml___jb_tmp___
    created deploy/00_server.xml
  </info>
</log>
<log realm="Q2.system" at="2018-06-18T21:49:55.009" lifespan="5ms">
  <info>
    deploy: F:\github\jpos_test\deploy\00_server.xml
  </info>
</log>
<log realm="Q2.system" at="2018-06-18T21:49:55.012">
  <info>
    removed deploy/00_server.xml___jb_old___
  </info>
</log>
<log realm="module.server" at="2018-06-18T21:49:55.017">
  <iso-server>
    listening on port 9033
  </iso-server>
</log>
